[
    {
        "Id": "dcfc7f268d84a6e57845cf0635e38f5a6ca423b848899bfc6f8ca7b82b5d4952",
        "Created": "2024-05-02T07:39:00.754799208Z",
        "Path": "start-kafka.sh",
        "Args": [],
        "State": {
            "Status": "exited",
            "Running": false,
            "Paused": false,
            "Restarting": false,
            "OOMKilled": false,
            "Dead": false,
            "Pid": 0,
            "ExitCode": 1,
            "Error": "",
            "StartedAt": "2024-05-04T07:32:08.925531542Z",
            "FinishedAt": "2024-05-04T07:32:29.814708176Z"
        },
        "Image": "sha256:db97697f6e2863219af59ab2fe5edc8c98867eff06c22a4acf980bbede7da7e4",
        "ResolvConfPath": "/var/lib/docker/containers/dcfc7f268d84a6e57845cf0635e38f5a6ca423b848899bfc6f8ca7b82b5d4952/resolv.conf",
        "HostnamePath": "/var/lib/docker/containers/dcfc7f268d84a6e57845cf0635e38f5a6ca423b848899bfc6f8ca7b82b5d4952/hostname",
        "HostsPath": "/var/lib/docker/containers/dcfc7f268d84a6e57845cf0635e38f5a6ca423b848899bfc6f8ca7b82b5d4952/hosts",
        "LogPath": "/var/lib/docker/containers/dcfc7f268d84a6e57845cf0635e38f5a6ca423b848899bfc6f8ca7b82b5d4952/dcfc7f268d84a6e57845cf0635e38f5a6ca423b848899bfc6f8ca7b82b5d4952-json.log",
        "Name": "/lucycato-e-commerce-kafka-1",
        "RestartCount": 0,
        "Driver": "overlay2",
        "Platform": "linux",
        "MountLabel": "",
        "ProcessLabel": "",
        "AppArmorProfile": "",
        "ExecIDs": null,
        "HostConfig": {
            "Binds": null,
            "ContainerIDFile": "",
            "LogConfig": {
                "Type": "json-file",
                "Config": {}
            },
            "NetworkMode": "lucycato-e-commerce_lucycato_network",
            "PortBindings": {
                "9092/tcp": [
                    {
                        "HostIp": "",
                        "HostPort": "9092"
                    }
                ]
            },
            "RestartPolicy": {
                "Name": "no",
                "MaximumRetryCount": 0
            },
            "AutoRemove": false,
            "VolumeDriver": "",
            "VolumesFrom": null,
            "ConsoleSize": [
                0,
                0
            ],
            "CapAdd": null,
            "CapDrop": null,
            "CgroupnsMode": "private",
            "Dns": [],
            "DnsOptions": [],
            "DnsSearch": [],
            "ExtraHosts": [],
            "GroupAdd": null,
            "IpcMode": "private",
            "Cgroup": "",
            "Links": null,
            "OomScoreAdj": 0,
            "PidMode": "",
            "Privileged": false,
            "PublishAllPorts": false,
            "ReadonlyRootfs": false,
            "SecurityOpt": null,
            "UTSMode": "",
            "UsernsMode": "",
            "ShmSize": 67108864,
            "Runtime": "runc",
            "Isolation": "",
            "CpuShares": 0,
            "Memory": 0,
            "NanoCpus": 0,
            "CgroupParent": "",
            "BlkioWeight": 0,
            "BlkioWeightDevice": null,
            "BlkioDeviceReadBps": null,
            "BlkioDeviceWriteBps": null,
            "BlkioDeviceReadIOps": null,
            "BlkioDeviceWriteIOps": null,
            "CpuPeriod": 0,
            "CpuQuota": 0,
            "CpuRealtimePeriod": 0,
            "CpuRealtimeRuntime": 0,
            "CpusetCpus": "",
            "CpusetMems": "",
            "Devices": null,
            "DeviceCgroupRules": null,
            "DeviceRequests": null,
            "MemoryReservation": 0,
            "MemorySwap": 0,
            "MemorySwappiness": null,
            "OomKillDisable": null,
            "PidsLimit": null,
            "Ulimits": null,
            "CpuCount": 0,
            "CpuPercent": 0,
            "IOMaximumIOps": 0,
            "IOMaximumBandwidth": 0,
            "MaskedPaths": [
                "/proc/asound",
                "/proc/acpi",
                "/proc/kcore",
                "/proc/keys",
                "/proc/latency_stats",
                "/proc/timer_list",
                "/proc/timer_stats",
                "/proc/sched_debug",
                "/proc/scsi",
                "/sys/firmware",
                "/sys/devices/virtual/powercap"
            ],
            "ReadonlyPaths": [
                "/proc/bus",
                "/proc/fs",
                "/proc/irq",
                "/proc/sys",
                "/proc/sysrq-trigger"
            ]
        },
        "GraphDriver": {
            "Data": {
                "LowerDir": "/var/lib/docker/overlay2/e2a4789223fdafb45e4fc2cbee0566ccb403affbb29f6775955ea9d332bcc669-init/diff:/var/lib/docker/overlay2/dd9316a449fc0e15bc8558c665bdee836e8d75b1c34f2e111d4a4261561fa3b0/diff:/var/lib/docker/overlay2/d84509be2387c700b0e94491fb52a70600743a0e7135894038df8277669b1884/diff:/var/lib/docker/overlay2/c484f9bf6a5758806d4359b5dbdf3d5e0e68bc66bb30259616fca0033e2e8501/diff:/var/lib/docker/overlay2/5da7b67e086cff3d218954b1a997f5d384ddc6b23a0d4072fedc30d4aca0a325/diff:/var/lib/docker/overlay2/934ac10c29f803366ea0d06fd1a8b2662cde64d9fe83a35fdcbcafd6d83d1b83/diff:/var/lib/docker/overlay2/4fa305f448e9cef13a7f11dc0c1f5b6ace3612eb22b07af3fabad589afcb8a3b/diff:/var/lib/docker/overlay2/454f6fbebc141e60c3851d977e8720553197798d563434b5542f683d70f9e13f/diff",
                "MergedDir": "/var/lib/docker/overlay2/e2a4789223fdafb45e4fc2cbee0566ccb403affbb29f6775955ea9d332bcc669/merged",
                "UpperDir": "/var/lib/docker/overlay2/e2a4789223fdafb45e4fc2cbee0566ccb403affbb29f6775955ea9d332bcc669/diff",
                "WorkDir": "/var/lib/docker/overlay2/e2a4789223fdafb45e4fc2cbee0566ccb403affbb29f6775955ea9d332bcc669/work"
            },
            "Name": "overlay2"
        },
        "Mounts": [
            {
                "Type": "volume",
                "Name": "dbe46840a981d782a6dbbcdfc442d0e00ff19fcf192176dd20c48baaad5ec0c7",
                "Source": "/var/lib/docker/volumes/dbe46840a981d782a6dbbcdfc442d0e00ff19fcf192176dd20c48baaad5ec0c7/_data",
                "Destination": "/kafka",
                "Driver": "local",
                "Mode": "",
                "RW": true,
                "Propagation": ""
            }
        ],
        "Config": {
            "Hostname": "dcfc7f268d84",
            "Domainname": "",
            "User": "",
            "AttachStdin": false,
            "AttachStdout": true,
            "AttachStderr": true,
            "ExposedPorts": {
                "9092/tcp": {}
            },
            "Tty": false,
            "OpenStdin": false,
            "StdinOnce": false,
            "Env": [
                "KAFKA_LISTENER_SECURITY_PROTOCOL_MAP=LC:PLAINTEXT,LX:PLAINTEXT",
                "KAFKA_INTER_BROKER_LISTENER_NAME=LC",
                "KAFKA_LISTENERS=LC://kafka:29092,LX://localhost:9092",
                "KAFKA_ADVERTISED_LISTENERS=LC://kafka:29092,LX://localhost:9092",
                "KAFKA_BROKER_ID=1",
                "KAFKA_ZOOKEEPER_CONNECT=zookeeper:2181",
                "ALLOW_PLAINTEXT_LISTENER=yes",
                "PATH=/usr/local/openjdk-11/bin:/usr/local/sbin:/usr/local/bin:/usr/sbin:/usr/bin:/sbin:/bin:/opt/kafka/bin",
                "JAVA_HOME=/usr/local/openjdk-11",
                "LANG=C.UTF-8",
                "JAVA_VERSION=11.0.15",
                "KAFKA_VERSION=2.8.1",
                "SCALA_VERSION=2.13",
                "KAFKA_HOME=/opt/kafka"
            ],
            "Cmd": [
                "start-kafka.sh"
            ],
            "Image": "wurstmeister/kafka:2.13-2.8.1",
            "Volumes": {
                "/kafka": {}
            },
            "WorkingDir": "",
            "Entrypoint": null,
            "OnBuild": null,
            "Labels": {
                "com.docker.compose.config-hash": "691394dcff6ae16cb39fdda8051d3aedb79a6677fdf93f2097fa9acf794fb27c",
                "com.docker.compose.container-number": "1",
                "com.docker.compose.depends_on": "zookeeper:service_started:false",
                "com.docker.compose.image": "sha256:db97697f6e2863219af59ab2fe5edc8c98867eff06c22a4acf980bbede7da7e4",
                "com.docker.compose.oneoff": "False",
                "com.docker.compose.project": "lucycato-e-commerce",
                "com.docker.compose.project.config_files": "/Users/dohaktae/Documents/workspace/lucycato-e-commerce/docker-compose.yml",
                "com.docker.compose.project.working_dir": "/Users/dohaktae/Documents/workspace/lucycato-e-commerce",
                "com.docker.compose.service": "kafka",
                "com.docker.compose.version": "2.24.6",
                "maintainer": "wurstmeister",
                "org.label-schema.build-date": "2022-05-28T09:30:17Z",
                "org.label-schema.description": "Apache Kafka",
                "org.label-schema.name": "kafka",
                "org.label-schema.schema-version": "1.0",
                "org.label-schema.vcs-ref": "901c084811fa9395f00af3c51e0ac6c32c697034",
                "org.label-schema.vcs-url": "https://github.com/wurstmeister/kafka-docker",
                "org.label-schema.version": "2.13_2.8.1"
            }
        },
        "NetworkSettings": {
            "Bridge": "",
            "SandboxID": "8e0da1cb8eeeab0c06836f2a47f402614ea123698988fe2eab38f34b92b3f576",
            "SandboxKey": "/var/run/docker/netns/8e0da1cb8eee",
            "Ports": {},
            "HairpinMode": false,
            "LinkLocalIPv6Address": "",
            "LinkLocalIPv6PrefixLen": 0,
            "SecondaryIPAddresses": null,
            "SecondaryIPv6Addresses": null,
            "EndpointID": "",
            "Gateway": "",
            "GlobalIPv6Address": "",
            "GlobalIPv6PrefixLen": 0,
            "IPAddress": "",
            "IPPrefixLen": 0,
            "IPv6Gateway": "",
            "MacAddress": "",
            "Networks": {
                "lucycato-e-commerce_lucycato_network": {
                    "IPAMConfig": null,
                    "Links": null,
                    "Aliases": [
                        "lucycato-e-commerce-kafka-1",
                        "kafka",
                        "dcfc7f268d84"
                    ],
                    "MacAddress": "",
                    "NetworkID": "d7bac12a0e8bf74411ebec1467e38db9bddf4b835ce4b97c5a773dc44460c2d0",
                    "EndpointID": "",
                    "Gateway": "",
                    "IPAddress": "",
                    "IPPrefixLen": 0,
                    "IPv6Gateway": "",
                    "GlobalIPv6Address": "",
                    "GlobalIPv6PrefixLen": 0,
                    "DriverOpts": null,
                    "DNSNames": [
                        "lucycato-e-commerce-kafka-1",
                        "kafka",
                        "dcfc7f268d84"
                    ]
                }
            }
        }
    }
]
